<?xml version="1.0" encoding="UTF-8"?>
<!-- Generated by org.testng.reporters.JUnitXMLReporter -->
<testsuite ignored="0" hostname="DESKTOP-9LLJ5S9" failures="0" tests="7" name="Test" time="0.278" errors="0" timestamp="15 Oct 2019 11:30:36 GMT">
  <testcase classname="com.qa.testcases.DashboardPageTest" name="@BeforeMethod setUp" time="0.143">
    <failure type="java.lang.IllegalStateException" message="The driver executable does not exist: C:\Users\abc\Desktop\JAR files\Browsers\geckodriver.exe">
      <![CDATA[java.lang.IllegalStateException: The driver executable does not exist: C:\Users\abc\Desktop\JAR files\Browsers\geckodriver.exe
at com.google.common.base.Preconditions.checkState(Preconditions.java:585)
at org.openqa.selenium.remote.service.DriverService.checkExecutable(DriverService.java:146)
at org.openqa.selenium.remote.service.DriverService.findExecutable(DriverService.java:141)
at org.openqa.selenium.firefox.GeckoDriverService.access$100(GeckoDriverService.java:44)
at org.openqa.selenium.firefox.GeckoDriverService$Builder.findDefaultExecutable(GeckoDriverService.java:167)
at org.openqa.selenium.remote.service.DriverService$Builder.build(DriverService.java:355)
at org.openqa.selenium.firefox.FirefoxDriver.toExecutor(FirefoxDriver.java:190)
at org.openqa.selenium.firefox.FirefoxDriver.<init>(FirefoxDriver.java:147)
at org.openqa.selenium.firefox.FirefoxDriver.<init>(FirefoxDriver.java:125)
at com.base.test.Base.initialization(Base.java:87)
at com.qa.testcases.DashboardPageTest.setUp(DashboardPageTest.java:34)
... Removed 28 stack frames]]>
    </failure>
  </testcase> <!-- @BeforeMethod setUp -->
  <testcase classname="com.qa.testcases.DashboardPageTest" name="@AfterMethod teardown" time="0.0">
    <skipped/>
  </testcase> <!-- @AfterMethod teardown -->
  <testcase classname="com.qa.testcases.DashboardPageTest" name="@BeforeMethod setUp" time="0.0">
    <skipped/>
  </testcase> <!-- @BeforeMethod setUp -->
  <testcase classname="com.qa.testcases.DashboardPageTest" name="@AfterMethod teardown" time="0.0">
    <skipped/>
  </testcase> <!-- @AfterMethod teardown -->
  <testcase classname="com.qa.testcases.DashboardPageTest" name="@BeforeMethod setUp" time="0.0">
    <skipped/>
  </testcase> <!-- @BeforeMethod setUp -->
  <testcase classname="com.qa.testcases.DashboardPageTest" name="@AfterMethod teardown" time="0.0">
    <skipped/>
  </testcase> <!-- @AfterMethod teardown -->
  <testcase classname="com.qa.testcases.DashboardPageTest" name="@BeforeMethod setUp" time="0.0">
    <skipped/>
  </testcase> <!-- @BeforeMethod setUp -->
  <testcase classname="com.qa.testcases.DashboardPageTest" name="@AfterMethod teardown" time="0.0">
    <skipped/>
  </testcase> <!-- @AfterMethod teardown -->
  <testcase classname="com.qa.testcases.DashboardPageTest" name="@BeforeMethod setUp" time="0.0">
    <skipped/>
  </testcase> <!-- @BeforeMethod setUp -->
  <testcase classname="com.qa.testcases.DashboardPageTest" name="@AfterMethod teardown" time="0.0">
    <skipped/>
  </testcase> <!-- @AfterMethod teardown -->
  <testcase classname="com.qa.testcases.DashboardPageTest" name="@BeforeMethod setUp" time="0.0">
    <skipped/>
  </testcase> <!-- @BeforeMethod setUp -->
  <testcase classname="com.qa.testcases.DashboardPageTest" name="@AfterMethod teardown" time="0.0">
    <skipped/>
  </testcase> <!-- @AfterMethod teardown -->
  <testcase classname="com.qa.testcases.DashboardPageTest" name="@BeforeMethod setUp" time="0.0">
    <skipped/>
  </testcase> <!-- @BeforeMethod setUp -->
  <testcase classname="com.qa.testcases.DashboardPageTest" name="@AfterMethod teardown" time="0.0">
    <skipped/>
  </testcase> <!-- @AfterMethod teardown -->
  <testcase classname="com.qa.testcases.DashboardPageTest" name="testDashboardTitle" time="0.0">
    <skipped/>
  </testcase> <!-- testDashboardTitle -->
  <testcase classname="com.qa.testcases.DashboardPageTest" name="testNoiseHiveLogo" time="0.0">
    <skipped/>
  </testcase> <!-- testNoiseHiveLogo -->
  <testcase classname="com.qa.testcases.DashboardPageTest" name="verifyDashboardText" time="0.0">
    <skipped/>
  </testcase> <!-- verifyDashboardText -->
  <testcase classname="com.qa.testcases.DashboardPageTest" name="testalldashboardheaders" time="0.0">
    <skipped/>
  </testcase> <!-- testalldashboardheaders -->
  <testcase classname="com.qa.testcases.DashboardPageTest" name="getAllDashboardPageLinks" time="0.0">
    <skipped/>
  </testcase> <!-- getAllDashboardPageLinks -->
  <testcase classname="com.qa.testcases.DashboardPageTest" name="testGITMessage" time="0.0">
    <skipped/>
  </testcase> <!-- testGITMessage -->
  <testcase classname="com.qa.testcases.DashboardPageTest" name="clickAboutLink" time="0.0">
    <skipped/>
  </testcase> <!-- clickAboutLink -->
</testsuite> <!-- Test -->
