<?xml version="1.0" encoding="UTF-8"?>
<!-- Generated by org.testng.reporters.JUnitXMLReporter -->
<testsuite ignored="0" hostname="DESKTOP-9LLJ5S9" failures="0" tests="7" name="Test" time="109.027" errors="0" timestamp="15 Oct 2019 12:54:22 GMT">
  <testcase classname="com.qa.testcases.DashboardPageTest" name="testDashboardTitle" time="0.017"/>
  <testcase classname="com.qa.testcases.DashboardPageTest" name="testNoiseHiveLogo" time="0.105"/>
  <testcase classname="com.qa.testcases.DashboardPageTest" name="verifyDashboardText" time="0.082"/>
  <testcase classname="com.qa.testcases.DashboardPageTest" name="testalldashboardheaders" time="8.27"/>
  <testcase classname="com.qa.testcases.DashboardPageTest" name="getAllDashboardPageLinks" time="1.211"/>
  <testcase classname="com.qa.testcases.DashboardPageTest" name="testGITMessage" time="0.001"/>
  <testcase classname="com.qa.testcases.DashboardPageTest" name="clickAboutLink" time="1.449"/>
</testsuite> <!-- Test -->
