<?xml version="1.0" encoding="UTF-8"?>
<!-- Generated by org.testng.reporters.JUnitXMLReporter -->
<testsuite ignored="0" hostname="DESKTOP-9LLJ5S9" failures="0" tests="6" name="Test" time="90.109" errors="0" timestamp="15 Oct 2019 09:31:58 GMT">
  <testcase classname="com.qa.testcases.DashboardPageTest" name="testDashboardTitle" time="0.024"/>
  <testcase classname="com.qa.testcases.DashboardPageTest" name="testNoiseHiveLogo" time="0.095"/>
  <testcase classname="com.qa.testcases.DashboardPageTest" name="verifyDashboardText" time="0.059"/>
  <testcase classname="com.qa.testcases.DashboardPageTest" name="testalldashboardheaders" time="8.278"/>
  <testcase classname="com.qa.testcases.DashboardPageTest" name="getAllDashboardPageLinks" time="1.406"/>
  <testcase classname="com.qa.testcases.DashboardPageTest" name="testGITMessage" time="0.001"/>
</testsuite> <!-- Test -->
