<?xml version="1.0" encoding="UTF-8"?>
<testng-results ignored="0" total="7" passed="7" failed="0" skipped="0">
  <reporter-output>
  </reporter-output>
  <suite started-at="2019-10-15T12:52:33Z" name="Suite" finished-at="2019-10-15T12:54:22Z" duration-ms="109027">
    <groups>
    </groups>
    <test started-at="2019-10-15T12:52:33Z" name="Test" finished-at="2019-10-15T12:54:22Z" duration-ms="109027">
      <class name="com.qa.testcases.DashboardPageTest">
        <test-method is-config="true" signature="setUp()[pri:0, instance:com.qa.testcases.DashboardPageTest@482bce4f]" started-at="2019-10-15T12:52:33Z" name="setUp" finished-at="2019-10-15T12:52:46Z" duration-ms="13310" status="PASS">
          <reporter-output>
          </reporter-output>
        </test-method> <!-- setUp -->
        <test-method signature="testDashboardTitle()[pri:1, instance:com.qa.testcases.DashboardPageTest@482bce4f]" started-at="2019-10-15T12:52:46Z" name="testDashboardTitle" finished-at="2019-10-15T12:52:46Z" duration-ms="17" status="PASS">
          <reporter-output>
          </reporter-output>
        </test-method> <!-- testDashboardTitle -->
        <test-method is-config="true" signature="teardown()[pri:0, instance:com.qa.testcases.DashboardPageTest@482bce4f]" started-at="2019-10-15T12:52:46Z" name="teardown" finished-at="2019-10-15T12:52:47Z" duration-ms="755" status="PASS">
          <reporter-output>
          </reporter-output>
        </test-method> <!-- teardown -->
        <test-method is-config="true" signature="setUp()[pri:0, instance:com.qa.testcases.DashboardPageTest@482bce4f]" started-at="2019-10-15T12:52:47Z" name="setUp" finished-at="2019-10-15T12:52:59Z" duration-ms="11952" status="PASS">
          <reporter-output>
          </reporter-output>
        </test-method> <!-- setUp -->
        <test-method signature="testNoiseHiveLogo()[pri:2, instance:com.qa.testcases.DashboardPageTest@482bce4f]" started-at="2019-10-15T12:52:59Z" name="testNoiseHiveLogo" finished-at="2019-10-15T12:52:59Z" duration-ms="105" status="PASS">
          <reporter-output>
          </reporter-output>
        </test-method> <!-- testNoiseHiveLogo -->
        <test-method is-config="true" signature="teardown()[pri:0, instance:com.qa.testcases.DashboardPageTest@482bce4f]" started-at="2019-10-15T12:52:59Z" name="teardown" finished-at="2019-10-15T12:53:00Z" duration-ms="735" status="PASS">
          <reporter-output>
          </reporter-output>
        </test-method> <!-- teardown -->
        <test-method is-config="true" signature="setUp()[pri:0, instance:com.qa.testcases.DashboardPageTest@482bce4f]" started-at="2019-10-15T12:53:00Z" name="setUp" finished-at="2019-10-15T12:53:12Z" duration-ms="12667" status="PASS">
          <reporter-output>
          </reporter-output>
        </test-method> <!-- setUp -->
        <test-method signature="verifyDashboardText()[pri:3, instance:com.qa.testcases.DashboardPageTest@482bce4f]" started-at="2019-10-15T12:53:12Z" name="verifyDashboardText" finished-at="2019-10-15T12:53:13Z" duration-ms="82" status="PASS">
          <reporter-output>
          </reporter-output>
        </test-method> <!-- verifyDashboardText -->
        <test-method is-config="true" signature="teardown()[pri:0, instance:com.qa.testcases.DashboardPageTest@482bce4f]" started-at="2019-10-15T12:53:13Z" name="teardown" finished-at="2019-10-15T12:53:13Z" duration-ms="884" status="PASS">
          <reporter-output>
          </reporter-output>
        </test-method> <!-- teardown -->
        <test-method is-config="true" signature="setUp()[pri:0, instance:com.qa.testcases.DashboardPageTest@482bce4f]" started-at="2019-10-15T12:53:13Z" name="setUp" finished-at="2019-10-15T12:53:25Z" duration-ms="11897" status="PASS">
          <reporter-output>
          </reporter-output>
        </test-method> <!-- setUp -->
        <test-method signature="testalldashboardheaders()[pri:4, instance:com.qa.testcases.DashboardPageTest@482bce4f]" started-at="2019-10-15T12:53:25Z" name="testalldashboardheaders" finished-at="2019-10-15T12:53:34Z" duration-ms="8270" status="PASS">
          <reporter-output>
          </reporter-output>
        </test-method> <!-- testalldashboardheaders -->
        <test-method is-config="true" signature="teardown()[pri:0, instance:com.qa.testcases.DashboardPageTest@482bce4f]" started-at="2019-10-15T12:53:34Z" name="teardown" finished-at="2019-10-15T12:53:34Z" duration-ms="718" status="PASS">
          <reporter-output>
          </reporter-output>
        </test-method> <!-- teardown -->
        <test-method is-config="true" signature="setUp()[pri:0, instance:com.qa.testcases.DashboardPageTest@482bce4f]" started-at="2019-10-15T12:53:34Z" name="setUp" finished-at="2019-10-15T12:53:53Z" duration-ms="18742" status="PASS">
          <reporter-output>
          </reporter-output>
        </test-method> <!-- setUp -->
        <test-method signature="getAllDashboardPageLinks()[pri:5, instance:com.qa.testcases.DashboardPageTest@482bce4f]" started-at="2019-10-15T12:53:53Z" name="getAllDashboardPageLinks" finished-at="2019-10-15T12:53:54Z" duration-ms="1211" status="PASS">
          <reporter-output>
          </reporter-output>
        </test-method> <!-- getAllDashboardPageLinks -->
        <test-method is-config="true" signature="teardown()[pri:0, instance:com.qa.testcases.DashboardPageTest@482bce4f]" started-at="2019-10-15T12:53:54Z" name="teardown" finished-at="2019-10-15T12:53:55Z" duration-ms="722" status="PASS">
          <reporter-output>
          </reporter-output>
        </test-method> <!-- teardown -->
        <test-method is-config="true" signature="setUp()[pri:0, instance:com.qa.testcases.DashboardPageTest@482bce4f]" started-at="2019-10-15T12:53:55Z" name="setUp" finished-at="2019-10-15T12:54:07Z" duration-ms="12197" status="PASS">
          <reporter-output>
          </reporter-output>
        </test-method> <!-- setUp -->
        <test-method signature="testGITMessage()[pri:6, instance:com.qa.testcases.DashboardPageTest@482bce4f]" started-at="2019-10-15T12:54:07Z" name="testGITMessage" finished-at="2019-10-15T12:54:07Z" duration-ms="1" status="PASS">
          <reporter-output>
          </reporter-output>
        </test-method> <!-- testGITMessage -->
        <test-method is-config="true" signature="teardown()[pri:0, instance:com.qa.testcases.DashboardPageTest@482bce4f]" started-at="2019-10-15T12:54:07Z" name="teardown" finished-at="2019-10-15T12:54:08Z" duration-ms="740" status="PASS">
          <reporter-output>
          </reporter-output>
        </test-method> <!-- teardown -->
        <test-method is-config="true" signature="setUp()[pri:0, instance:com.qa.testcases.DashboardPageTest@482bce4f]" started-at="2019-10-15T12:54:08Z" name="setUp" finished-at="2019-10-15T12:54:20Z" duration-ms="11807" status="PASS">
          <reporter-output>
          </reporter-output>
        </test-method> <!-- setUp -->
        <test-method signature="clickAboutLink()[pri:7, instance:com.qa.testcases.DashboardPageTest@482bce4f]" started-at="2019-10-15T12:54:20Z" name="clickAboutLink" finished-at="2019-10-15T12:54:21Z" duration-ms="1449" status="PASS">
          <reporter-output>
          </reporter-output>
        </test-method> <!-- clickAboutLink -->
        <test-method is-config="true" signature="teardown()[pri:0, instance:com.qa.testcases.DashboardPageTest@482bce4f]" started-at="2019-10-15T12:54:21Z" name="teardown" finished-at="2019-10-15T12:54:22Z" duration-ms="721" status="PASS">
          <reporter-output>
          </reporter-output>
        </test-method> <!-- teardown -->
      </class> <!-- com.qa.testcases.DashboardPageTest -->
    </test> <!-- Test -->
  </suite> <!-- Suite -->
</testng-results>
