<?xml version="1.0" encoding="UTF-8"?>
<testng-results ignored="0" total="2" passed="2" failed="0" skipped="0">
  <reporter-output>
  </reporter-output>
  <suite started-at="2019-10-15T09:59:49Z" name="Suite" finished-at="2019-10-15T10:00:17Z" duration-ms="28490">
    <groups>
    </groups>
    <test started-at="2019-10-15T09:59:49Z" name="Test" finished-at="2019-10-15T10:00:17Z" duration-ms="28490">
      <class name="com.qa.testcases.DashboardPageTest">
        <test-method is-config="true" signature="setUp()[pri:0, instance:com.qa.testcases.DashboardPageTest@4da4253]" started-at="2019-10-15T09:59:49Z" name="setUp" finished-at="2019-10-15T10:00:02Z" duration-ms="13225" status="PASS">
          <reporter-output>
          </reporter-output>
        </test-method> <!-- setUp -->
        <test-method signature="testDashboardTitle()[pri:1, instance:com.qa.testcases.DashboardPageTest@4da4253]" started-at="2019-10-15T10:00:02Z" name="testDashboardTitle" finished-at="2019-10-15T10:00:02Z" duration-ms="49" status="PASS">
          <reporter-output>
          </reporter-output>
        </test-method> <!-- testDashboardTitle -->
        <test-method is-config="true" signature="teardown()[pri:0, instance:com.qa.testcases.DashboardPageTest@4da4253]" started-at="2019-10-15T10:00:02Z" name="teardown" finished-at="2019-10-15T10:00:03Z" duration-ms="802" status="PASS">
          <reporter-output>
          </reporter-output>
        </test-method> <!-- teardown -->
      </class> <!-- com.qa.testcases.DashboardPageTest -->
      <class name="com.qa.testcases.AboutPageTest">
        <test-method is-config="true" signature="setUp()[pri:0, instance:com.qa.testcases.AboutPageTest@3972a855]" started-at="2019-10-15T10:00:03Z" name="setUp" finished-at="2019-10-15T10:00:16Z" duration-ms="13486" status="PASS">
          <reporter-output>
          </reporter-output>
        </test-method> <!-- setUp -->
        <test-method signature="verifyAboutText()[pri:1, instance:com.qa.testcases.AboutPageTest@3972a855]" started-at="2019-10-15T10:00:16Z" name="verifyAboutText" finished-at="2019-10-15T10:00:16Z" duration-ms="74" status="PASS">
          <reporter-output>
          </reporter-output>
        </test-method> <!-- verifyAboutText -->
        <test-method is-config="true" signature="teardown()[pri:0, instance:com.qa.testcases.AboutPageTest@3972a855]" started-at="2019-10-15T10:00:16Z" name="teardown" finished-at="2019-10-15T10:00:17Z" duration-ms="811" status="PASS">
          <reporter-output>
          </reporter-output>
        </test-method> <!-- teardown -->
      </class> <!-- com.qa.testcases.AboutPageTest -->
    </test> <!-- Test -->
  </suite> <!-- Suite -->
</testng-results>
