<?xml version="1.0" encoding="UTF-8"?>
<testng-results ignored="0" total="6" passed="6" failed="0" skipped="0">
  <reporter-output>
  </reporter-output>
  <suite started-at="2019-10-15T09:30:28Z" name="Suite" finished-at="2019-10-15T09:31:58Z" duration-ms="90109">
    <groups>
    </groups>
    <test started-at="2019-10-15T09:30:28Z" name="Test" finished-at="2019-10-15T09:31:58Z" duration-ms="90109">
      <class name="com.qa.testcases.DashboardPageTest">
        <test-method is-config="true" signature="setUp()[pri:0, instance:com.qa.testcases.DashboardPageTest@55b53d44]" started-at="2019-10-15T09:30:28Z" name="setUp" finished-at="2019-10-15T09:30:42Z" duration-ms="14039" status="PASS">
          <reporter-output>
          </reporter-output>
        </test-method> <!-- setUp -->
        <test-method signature="testDashboardTitle()[pri:1, instance:com.qa.testcases.DashboardPageTest@55b53d44]" started-at="2019-10-15T09:30:42Z" name="testDashboardTitle" finished-at="2019-10-15T09:30:42Z" duration-ms="24" status="PASS">
          <reporter-output>
          </reporter-output>
        </test-method> <!-- testDashboardTitle -->
        <test-method is-config="true" signature="teardown()[pri:0, instance:com.qa.testcases.DashboardPageTest@55b53d44]" started-at="2019-10-15T09:30:42Z" name="teardown" finished-at="2019-10-15T09:30:43Z" duration-ms="783" status="PASS">
          <reporter-output>
          </reporter-output>
        </test-method> <!-- teardown -->
        <test-method is-config="true" signature="setUp()[pri:0, instance:com.qa.testcases.DashboardPageTest@55b53d44]" started-at="2019-10-15T09:30:43Z" name="setUp" finished-at="2019-10-15T09:30:55Z" duration-ms="12613" status="PASS">
          <reporter-output>
          </reporter-output>
        </test-method> <!-- setUp -->
        <test-method signature="testNoiseHiveLogo()[pri:2, instance:com.qa.testcases.DashboardPageTest@55b53d44]" started-at="2019-10-15T09:30:55Z" name="testNoiseHiveLogo" finished-at="2019-10-15T09:30:55Z" duration-ms="95" status="PASS">
          <reporter-output>
          </reporter-output>
        </test-method> <!-- testNoiseHiveLogo -->
        <test-method is-config="true" signature="teardown()[pri:0, instance:com.qa.testcases.DashboardPageTest@55b53d44]" started-at="2019-10-15T09:30:55Z" name="teardown" finished-at="2019-10-15T09:30:56Z" duration-ms="727" status="PASS">
          <reporter-output>
          </reporter-output>
        </test-method> <!-- teardown -->
        <test-method is-config="true" signature="setUp()[pri:0, instance:com.qa.testcases.DashboardPageTest@55b53d44]" started-at="2019-10-15T09:30:56Z" name="setUp" finished-at="2019-10-15T09:31:08Z" duration-ms="12074" status="PASS">
          <reporter-output>
          </reporter-output>
        </test-method> <!-- setUp -->
        <test-method signature="verifyDashboardText()[pri:3, instance:com.qa.testcases.DashboardPageTest@55b53d44]" started-at="2019-10-15T09:31:08Z" name="verifyDashboardText" finished-at="2019-10-15T09:31:08Z" duration-ms="59" status="PASS">
          <reporter-output>
          </reporter-output>
        </test-method> <!-- verifyDashboardText -->
        <test-method is-config="true" signature="teardown()[pri:0, instance:com.qa.testcases.DashboardPageTest@55b53d44]" started-at="2019-10-15T09:31:08Z" name="teardown" finished-at="2019-10-15T09:31:09Z" duration-ms="746" status="PASS">
          <reporter-output>
          </reporter-output>
        </test-method> <!-- teardown -->
        <test-method is-config="true" signature="setUp()[pri:0, instance:com.qa.testcases.DashboardPageTest@55b53d44]" started-at="2019-10-15T09:31:09Z" name="setUp" finished-at="2019-10-15T09:31:21Z" duration-ms="12144" status="PASS">
          <reporter-output>
          </reporter-output>
        </test-method> <!-- setUp -->
        <test-method signature="testalldashboardheaders()[pri:4, instance:com.qa.testcases.DashboardPageTest@55b53d44]" started-at="2019-10-15T09:31:21Z" name="testalldashboardheaders" finished-at="2019-10-15T09:31:30Z" duration-ms="8278" status="PASS">
          <reporter-output>
          </reporter-output>
        </test-method> <!-- testalldashboardheaders -->
        <test-method is-config="true" signature="teardown()[pri:0, instance:com.qa.testcases.DashboardPageTest@55b53d44]" started-at="2019-10-15T09:31:30Z" name="teardown" finished-at="2019-10-15T09:31:30Z" duration-ms="714" status="PASS">
          <reporter-output>
          </reporter-output>
        </test-method> <!-- teardown -->
        <test-method is-config="true" signature="setUp()[pri:0, instance:com.qa.testcases.DashboardPageTest@55b53d44]" started-at="2019-10-15T09:31:30Z" name="setUp" finished-at="2019-10-15T09:31:43Z" duration-ms="12793" status="PASS">
          <reporter-output>
          </reporter-output>
        </test-method> <!-- setUp -->
        <test-method signature="getAllDashboardPageLinks()[pri:5, instance:com.qa.testcases.DashboardPageTest@55b53d44]" started-at="2019-10-15T09:31:43Z" name="getAllDashboardPageLinks" finished-at="2019-10-15T09:31:44Z" duration-ms="1406" status="PASS">
          <reporter-output>
          </reporter-output>
        </test-method> <!-- getAllDashboardPageLinks -->
        <test-method is-config="true" signature="teardown()[pri:0, instance:com.qa.testcases.DashboardPageTest@55b53d44]" started-at="2019-10-15T09:31:44Z" name="teardown" finished-at="2019-10-15T09:31:45Z" duration-ms="783" status="PASS">
          <reporter-output>
          </reporter-output>
        </test-method> <!-- teardown -->
        <test-method is-config="true" signature="setUp()[pri:0, instance:com.qa.testcases.DashboardPageTest@55b53d44]" started-at="2019-10-15T09:31:45Z" name="setUp" finished-at="2019-10-15T09:31:57Z" duration-ms="12049" status="PASS">
          <reporter-output>
          </reporter-output>
        </test-method> <!-- setUp -->
        <test-method signature="testGITMessage()[pri:6, instance:com.qa.testcases.DashboardPageTest@55b53d44]" started-at="2019-10-15T09:31:57Z" name="testGITMessage" finished-at="2019-10-15T09:31:57Z" duration-ms="1" status="PASS">
          <reporter-output>
          </reporter-output>
        </test-method> <!-- testGITMessage -->
        <test-method is-config="true" signature="teardown()[pri:0, instance:com.qa.testcases.DashboardPageTest@55b53d44]" started-at="2019-10-15T09:31:57Z" name="teardown" finished-at="2019-10-15T09:31:58Z" duration-ms="731" status="PASS">
          <reporter-output>
          </reporter-output>
        </test-method> <!-- teardown -->
      </class> <!-- com.qa.testcases.DashboardPageTest -->
    </test> <!-- Test -->
  </suite> <!-- Suite -->
</testng-results>
