<?xml version="1.0" encoding="UTF-8"?>
<!-- Generated by org.testng.reporters.JUnitXMLReporter -->
<testsuite hostname="DESKTOP-9LLJ5S9" ignored="0" name="NoiseHive App Test Cases" tests="4" failures="0" timestamp="19 Sep 2019 07:17:45 GMT" time="48.757" errors="0">
  <testcase name="testDashboardTitle" time="0.06" classname="com.qa.testcases.DashboardPageTest"/>
  <testcase name="verifyAboutText" time="0.065" classname="com.qa.testcases.AboutPageTest"/>
  <testcase name="verifyNewsFeedText" time="0.044" classname="com.qa.testcases.NewsFeedPageTest"/>
  <testcase name="testcontactUSform" time="9.115" classname="com.qa.testcases.ContactPageTest"/>
</testsuite> <!-- NoiseHive App Test Cases -->
