<?xml version="1.0" encoding="UTF-8"?>
<!-- Generated by org.testng.reporters.JUnitReportReporter -->
<testsuite skipped="0" hostname="DESKTOP-9LLJ5S9" name="com.qa.testcases.ContactPageTest" tests="2" failures="0" timestamp="26 Sep 2019 11:20:03 GMT" time="28.567" errors="0">
  <testcase name="testcontactUSform" time="17.193" classname="com.qa.testcases.ContactPageTest"/>
  <testcase name="clickQALink" time="11.374" classname="com.qa.testcases.ContactPageTest"/>
</testsuite> <!-- com.qa.testcases.ContactPageTest -->
