<?xml version="1.0" encoding="UTF-8"?>
<!-- Generated by org.testng.reporters.JUnitReportReporter -->
<testsuite hostname="DESKTOP-9LLJ5S9" failures="0" tests="7" name="com.qa.testcases.DashboardPageTest" time="108.982" errors="0" timestamp="15 Oct 2019 12:54:22 GMT" skipped="0">
  <testcase classname="com.qa.testcases.DashboardPageTest" name="testDashboardTitle" time="14.045"/>
  <testcase classname="com.qa.testcases.DashboardPageTest" name="testNoiseHiveLogo" time="12.633"/>
  <testcase classname="com.qa.testcases.DashboardPageTest" name="verifyDashboardText" time="12.789"/>
  <testcase classname="com.qa.testcases.DashboardPageTest" name="testalldashboardheaders" time="20.889"/>
  <testcase classname="com.qa.testcases.DashboardPageTest" name="getAllDashboardPageLinks" time="20.688"/>
  <testcase classname="com.qa.testcases.DashboardPageTest" name="testGITMessage" time="12.938"/>
  <testcase classname="com.qa.testcases.DashboardPageTest" name="clickAboutLink" time="15.000"/>
</testsuite> <!-- com.qa.testcases.DashboardPageTest -->
