<?xml version="1.0" encoding="UTF-8"?>
<!-- Generated by org.testng.reporters.JUnitReportReporter -->
<testsuite hostname="DESKTOP-9LLJ5S9" failures="0" tests="8" name="com.qa.testcases.DashboardPageTest" time="0.143" errors="1" timestamp="15 Oct 2019 11:30:36 GMT" skipped="7">
  <testcase classname="com.qa.testcases.DashboardPageTest" name="setUp" time="0.143">
    <error message="The driver executable does not exist: C:\Users\abc\Desktop\JAR files\Browsers\geckodriver.exe" type="java.lang.IllegalStateException">
      <![CDATA[java.lang.IllegalStateException: The driver executable does not exist: C:\Users\abc\Desktop\JAR files\Browsers\geckodriver.exe
at com.google.common.base.Preconditions.checkState(Preconditions.java:585)
at org.openqa.selenium.remote.service.DriverService.checkExecutable(DriverService.java:146)
at org.openqa.selenium.remote.service.DriverService.findExecutable(DriverService.java:141)
at org.openqa.selenium.firefox.GeckoDriverService.access$100(GeckoDriverService.java:44)
at org.openqa.selenium.firefox.GeckoDriverService$Builder.findDefaultExecutable(GeckoDriverService.java:167)
at org.openqa.selenium.remote.service.DriverService$Builder.build(DriverService.java:355)
at org.openqa.selenium.firefox.FirefoxDriver.toExecutor(FirefoxDriver.java:190)
at org.openqa.selenium.firefox.FirefoxDriver.<init>(FirefoxDriver.java:147)
at org.openqa.selenium.firefox.FirefoxDriver.<init>(FirefoxDriver.java:125)
at com.base.test.Base.initialization(Base.java:87)
at com.qa.testcases.DashboardPageTest.setUp(DashboardPageTest.java:34)
at java.base/jdk.internal.reflect.NativeMethodAccessorImpl.invoke0(Native Method)
at java.base/jdk.internal.reflect.NativeMethodAccessorImpl.invoke(NativeMethodAccessorImpl.java:62)
at java.base/jdk.internal.reflect.DelegatingMethodAccessorImpl.invoke(DelegatingMethodAccessorImpl.java:43)
at java.base/java.lang.reflect.Method.invoke(Method.java:566)
at org.testng.internal.MethodInvocationHelper.invokeMethod(MethodInvocationHelper.java:124)
at org.testng.internal.MethodInvocationHelper.invokeMethodConsideringTimeout(MethodInvocationHelper.java:59)
at org.testng.internal.Invoker.invokeConfigurationMethod(Invoker.java:458)
at org.testng.internal.Invoker.invokeConfigurations(Invoker.java:222)
at org.testng.internal.Invoker.invokeMethod(Invoker.java:523)
at org.testng.internal.Invoker.invokeTestMethod(Invoker.java:719)
at org.testng.internal.Invoker.invokeTestMethods(Invoker.java:989)
at org.testng.internal.TestMethodWorker.invokeTestMethods(TestMethodWorker.java:125)
at org.testng.internal.TestMethodWorker.run(TestMethodWorker.java:109)
at org.testng.TestRunner.privateRun(TestRunner.java:648)
at org.testng.TestRunner.run(TestRunner.java:505)
at org.testng.SuiteRunner.runTest(SuiteRunner.java:455)
at org.testng.SuiteRunner.runSequentially(SuiteRunner.java:450)
at org.testng.SuiteRunner.privateRun(SuiteRunner.java:415)
at org.testng.SuiteRunner.run(SuiteRunner.java:364)
at org.testng.SuiteRunnerWorker.runSuite(SuiteRunnerWorker.java:52)
at org.testng.SuiteRunnerWorker.run(SuiteRunnerWorker.java:84)
at org.testng.TestNG.runSuitesSequentially(TestNG.java:1208)
at org.testng.TestNG.runSuitesLocally(TestNG.java:1137)
at org.testng.TestNG.runSuites(TestNG.java:1049)
at org.testng.TestNG.run(TestNG.java:1017)
at org.testng.remote.AbstractRemoteTestNG.run(AbstractRemoteTestNG.java:114)
at org.testng.remote.RemoteTestNG.initAndRun(RemoteTestNG.java:251)
at org.testng.remote.RemoteTestNG.main(RemoteTestNG.java:77)
]]>
    </error>
  </testcase> <!-- setUp -->
  <testcase classname="com.qa.testcases.DashboardPageTest" name="testDashboardTitle" time="0.000">
    <skipped/>
  </testcase> <!-- testDashboardTitle -->
  <testcase classname="com.qa.testcases.DashboardPageTest" name="testNoiseHiveLogo" time="0.000">
    <skipped/>
  </testcase> <!-- testNoiseHiveLogo -->
  <testcase classname="com.qa.testcases.DashboardPageTest" name="verifyDashboardText" time="0.000">
    <skipped/>
  </testcase> <!-- verifyDashboardText -->
  <testcase classname="com.qa.testcases.DashboardPageTest" name="testalldashboardheaders" time="0.000">
    <skipped/>
  </testcase> <!-- testalldashboardheaders -->
  <testcase classname="com.qa.testcases.DashboardPageTest" name="getAllDashboardPageLinks" time="0.000">
    <skipped/>
  </testcase> <!-- getAllDashboardPageLinks -->
  <testcase classname="com.qa.testcases.DashboardPageTest" name="testGITMessage" time="0.000">
    <skipped/>
  </testcase> <!-- testGITMessage -->
  <testcase classname="com.qa.testcases.DashboardPageTest" name="clickAboutLink" time="0.000">
    <skipped/>
  </testcase> <!-- clickAboutLink -->
</testsuite> <!-- com.qa.testcases.DashboardPageTest -->
