<?xml version="1.0" encoding="UTF-8"?>
<!-- Generated by org.testng.reporters.JUnitReportReporter -->
<testsuite skipped="0" hostname="DESKTOP-9LLJ5S9" name="com.qa.testcases.DashboardPageTest" tests="7" failures="0" timestamp="26 Sep 2019 08:02:57 GMT" time="60.158" errors="0">
  <testcase name="testDashboardTitle" time="6.735" classname="com.qa.testcases.DashboardPageTest"/>
  <testcase name="testNoiseHiveLogo" time="6.852" classname="com.qa.testcases.DashboardPageTest"/>
  <testcase name="verifyDashboardText" time="6.892" classname="com.qa.testcases.DashboardPageTest"/>
  <testcase name="testalldashboardheaders" time="16.611" classname="com.qa.testcases.DashboardPageTest"/>
  <testcase name="getAllDashboardPageLinks" time="7.862" classname="com.qa.testcases.DashboardPageTest"/>
  <testcase name="clickAboutLink" time="8.362" classname="com.qa.testcases.DashboardPageTest"/>
  <testcase name="scrollDownVertical" time="6.844" classname="com.qa.testcases.DashboardPageTest"/>
</testsuite> <!-- com.qa.testcases.DashboardPageTest -->
