<?xml version="1.0" encoding="UTF-8"?>
<!-- Generated by org.testng.reporters.JUnitReportReporter -->
<testsuite hostname="DESKTOP-9LLJ5S9" failures="0" tests="6" name="com.qa.testcases.DashboardPageTest" time="90.059" errors="0" timestamp="15 Oct 2019 09:31:58 GMT" skipped="0">
  <testcase classname="com.qa.testcases.DashboardPageTest" name="testDashboardTitle" time="12.812"/>
  <testcase classname="com.qa.testcases.DashboardPageTest" name="testNoiseHiveLogo" time="14.880"/>
  <testcase classname="com.qa.testcases.DashboardPageTest" name="verifyDashboardText" time="13.455"/>
  <testcase classname="com.qa.testcases.DashboardPageTest" name="testalldashboardheaders" time="21.802"/>
  <testcase classname="com.qa.testcases.DashboardPageTest" name="getAllDashboardPageLinks" time="14.277"/>
  <testcase classname="com.qa.testcases.DashboardPageTest" name="testGITMessage" time="12.833"/>
</testsuite> <!-- com.qa.testcases.DashboardPageTest -->
